<?xml version="1.0" encoding="utf-8" standalone="no"?>
<!--This file represents the results of running a test suite-->
<test-results name="C:\dev\AOP.Castle\AOP.Castle.Tests\bin\Debug\AOP.Castle.Tests.dll" total="9" errors="0" failures="0" not-run="0" inconclusive="0" ignored="0" skipped="0" invalid="0" date="2011-07-04" time="20:54:53">
  <environment nunit-version="2.5.5.10112" clr-version="2.0.50727.4961" os-version="Microsoft Windows NT 6.1.7600.0" platform="Win32NT" cwd="C:\Program Files (x86)\NUnit 2.5.5\bin\net-2.0" machine-name="RWAGNER-PC" user="rwagner" user-domain="rwagner-PC" />
  <culture-info current-culture="en-US" current-uiculture="en-US" />
  <test-suite type="Assembly" name="C:\dev\AOP.Castle\AOP.Castle.Tests\bin\Debug\AOP.Castle.Tests.dll" executed="True" result="Success" success="True" time="0.989" asserts="0">
    <results>
      <test-suite type="Namespace" name="AOP" executed="True" result="Success" success="True" time="0.973" asserts="0">
        <results>
          <test-suite type="Namespace" name="Castle" executed="True" result="Success" success="True" time="0.971" asserts="0">
            <results>
              <test-suite type="SetUpFixture" name="Tests" executed="True" result="Success" success="True" time="0.967" asserts="0">
                <results>
                  <test-suite type="TestFixture" name="MethodBoundaryAspectTests" executed="True" result="Success" success="True" time="0.574" asserts="0">
                    <results>
                      <test-case name="AOP.Castle.Tests.MethodBoundaryAspectTests.Method" executed="True" result="Success" success="True" time="0.495" asserts="4" />
                      <test-case name="AOP.Castle.Tests.MethodBoundaryAspectTests.Method_throw_exception" executed="True" result="Success" success="True" time="0.006" asserts="5" />
                      <test-case name="AOP.Castle.Tests.MethodBoundaryAspectTests.Method_two_attributes" executed="True" result="Success" success="True" time="0.004" asserts="4" />
                      <test-case name="AOP.Castle.Tests.MethodBoundaryAspectTests.Method_with_same_attribute_in_class_and_metho" executed="True" result="Success" success="True" time="0.004" asserts="4" />
                      <test-case name="AOP.Castle.Tests.MethodBoundaryAspectTests.Method_with_two_attributes_one_abort_on_entry" executed="True" result="Success" success="True" time="0.006" asserts="5" />
                      <test-case name="AOP.Castle.Tests.MethodBoundaryAspectTests.Method_with_two_attributes_one_dup_from_class_level" executed="True" result="Success" success="True" time="0.005" asserts="4" />
                      <test-case name="AOP.Castle.Tests.MethodBoundaryAspectTests.Method_without_attributes" executed="True" result="Success" success="True" time="0.003" asserts="4" />
                      <test-case name="AOP.Castle.Tests.MethodBoundaryAspectTests.Virtual_method" executed="True" result="Success" success="True" time="0.005" asserts="4" />
                      <test-case name="AOP.Castle.Tests.MethodBoundaryAspectTests.Virtual_method_two_attributes" executed="True" result="Success" success="True" time="0.005" asserts="4" />
                    </results>
                  </test-suite>
                </results>
              </test-suite>
            </results>
          </test-suite>
        </results>
      </test-suite>
    </results>
  </test-suite>
</test-results>